Traceback (most recent call last):
  File "/opt/hostedtoolcache/Python/3.7.12/x64/lib/python3.7/site-packages/jupyter_cache/executors/utils.py", line 56, in single_nb_execution
    record_timing=False,
  File "/opt/hostedtoolcache/Python/3.7.12/x64/lib/python3.7/site-packages/nbclient/client.py", line 1093, in execute
    return NotebookClient(nb=nb, resources=resources, km=km, **kwargs).execute()
  File "/opt/hostedtoolcache/Python/3.7.12/x64/lib/python3.7/site-packages/nbclient/util.py", line 84, in wrapped
    return just_run(coro(*args, **kwargs))
  File "/opt/hostedtoolcache/Python/3.7.12/x64/lib/python3.7/site-packages/nbclient/util.py", line 62, in just_run
    return loop.run_until_complete(coro)
  File "/opt/hostedtoolcache/Python/3.7.12/x64/lib/python3.7/asyncio/base_events.py", line 587, in run_until_complete
    return future.result()
  File "/opt/hostedtoolcache/Python/3.7.12/x64/lib/python3.7/site-packages/nbclient/client.py", line 560, in async_execute
    cell, index, execution_count=self.code_cells_executed + 1
  File "/opt/hostedtoolcache/Python/3.7.12/x64/lib/python3.7/site-packages/nbclient/client.py", line 854, in async_execute_cell
    self._check_raise_for_error(cell, exec_reply)
  File "/opt/hostedtoolcache/Python/3.7.12/x64/lib/python3.7/site-packages/nbclient/client.py", line 756, in _check_raise_for_error
    raise CellExecutionError.from_cell_and_msg(cell, exec_reply_content)
nbclient.exceptions.CellExecutionError: An error occurred while executing the following cell:
------------------
import numpy as np
import matplotlib.pyplot as plt
from matplotlib import cm
import ipyvolume as ipv

nb = 20
phi = 0.1
LF = np.linspace(2., 1., nb)
DR = np.linspace(0., 0.5 ,nb)

[sta1, rot1, A, U] = turbine_blades(phi, LF[0], DR[0])

n = sta1.shape[0]

Xs = sta1[:,0]
Ys = sta1[:,1]
Zs = 10*np.ones((n, 1))

Xr = rot1[:,0]
Yr = rot1[:,1]
Zr = 10*np.ones((n, 1))


fig = ipv.figure()
ipv.style.use("dark") # looks better

for i in range(1,nb):
    
    [sta1, rot1, A, U] = turbine_blades(phi, LF[i], DR[i]);

    Xs = np.column_stack((Xs, sta1[:,0]))
    Ys = np.column_stack((Ys, sta1[:,1]))
    Zs = np.column_stack((Zs, 10 + 10*(i-1)/9*np.ones((n, 1))))
    
    Xr = np.column_stack((Xr, rot1[:,0]))
    Yr = np.column_stack((Yr, rot1[:,1]))
    Zr = np.column_stack((Zr, 10 + 10*(i-1)/9*np.ones((n, 1))))

    
stator_surf_list = []
stator_frame_list = []
rotor_surf_list = []
rotor_frame_list = []

for j in range(0, nb):
    
    th = 20*(j-1)*np.pi/180;

    Xn = Xs*np.cos(th) - Zs*np.sin(th)
    Zn = Xs*np.sin(th) + Zs*np.cos(th)
    stator_surf = ipv.plot_surface(Xn, Ys*5, Zn, color="red")
    stator_frame = ipv.plot_wireframe(Xn,  Ys*5, Zn, color="red")
    stator_surf_list.append(stator_surf)
    stator_frame_list.append(stator_frame)
    
    Xn = Xr*np.cos(th) - Zr*np.sin(th)
    Zn = Xr*np.sin(th) + Zr*np.cos(th)
    rotor_surf = ipv.plot_surface(Xn, Yr*5, Zn, color="blue")
    rotor_frame = ipv.plot_wireframe(Xn, Yr*5, Zn, color="blue")
    rotor_surf_list.append(rotor_surf)
    rotor_frame_list.append(rotor_frame)

# print(quiver)

from ipywidgets import FloatSlider, ColorPicker, VBox, jslink
color_stator = ColorPicker(value='red', description='Color stator')
color_rotor = ColorPicker(value='blue', description='Color rotor')

size = FloatSlider(min=0, max=30, step=0.1)

jslink((quiver, 'x'), (size, 'value'))

for k in range(0, nb):
    jslink((stator_surf_list[k], 'color'), (color_stator, 'value'))
    jslink((stator_frame_list[k], 'color'), (color_stator, 'value'))
    jslink((rotor_surf_list[k], 'color'), (color_rotor, 'value'))
    jslink((rotor_frame_list[k], 'color'), (color_rotor, 'value'))

VBox([ipv.gcc(), size, color_stator, color_rotor])

------------------

[0;31m---------------------------------------------------------------------------[0m
[0;31mNameError[0m                                 Traceback (most recent call last)
[0;32m/tmp/ipykernel_2595/2469470738.py[0m in [0;36m<module>[0;34m[0m
[1;32m     69[0m [0msize[0m [0;34m=[0m [0mFloatSlider[0m[0;34m([0m[0mmin[0m[0;34m=[0m[0;36m0[0m[0;34m,[0m [0mmax[0m[0;34m=[0m[0;36m30[0m[0;34m,[0m [0mstep[0m[0;34m=[0m[0;36m0.1[0m[0;34m)[0m[0;34m[0m[0;34m[0m[0m
[1;32m     70[0m [0;34m[0m[0m
[0;32m---> 71[0;31m [0mjslink[0m[0;34m([0m[0;34m([0m[0mquiver[0m[0;34m,[0m [0;34m'x'[0m[0;34m)[0m[0;34m,[0m [0;34m([0m[0msize[0m[0;34m,[0m [0;34m'value'[0m[0;34m)[0m[0;34m)[0m[0;34m[0m[0;34m[0m[0m
[0m[1;32m     72[0m [0;34m[0m[0m
[1;32m     73[0m [0;32mfor[0m [0mk[0m [0;32min[0m [0mrange[0m[0;34m([0m[0;36m0[0m[0;34m,[0m [0mnb[0m[0;34m)[0m[0;34m:[0m[0;34m[0m[0;34m[0m[0m

[0;31mNameError[0m: name 'quiver' is not defined
NameError: name 'quiver' is not defined

